\BOOKMARK [0][-]{chapter*.4}{\332vod}{}% 1
\BOOKMARK [0][-]{chapter.1}{Elektrony a vakuum}{}% 2
\BOOKMARK [1][-]{section.1.1}{Elektron}{chapter.1}% 3
\BOOKMARK [1][-]{section.1.2}{Katodov\351 z\341ren\355}{chapter.1}% 4
\BOOKMARK [1][-]{section.1.3}{Elektrick\375 proud ve vakuu}{chapter.1}% 5
\BOOKMARK [0][-]{chapter.2}{Elektrick\351 v\375boje}{}% 6
\BOOKMARK [1][-]{section.2.1}{Teorie elektrick\351ho v\375boje}{chapter.2}% 7
\BOOKMARK [2][-]{subsection.2.1.1}{Samostatn\351 v\375boje}{section.2.1}% 8
\BOOKMARK [1][-]{section.2.2}{Priveden\355 vodicu k elektrod\341m}{chapter.2}% 9
\BOOKMARK [1][-]{section.2.3}{Pozorov\341n\355}{chapter.2}% 10
\BOOKMARK [1][-]{section.2.4}{Shrnut\355}{chapter.2}% 11
\BOOKMARK [0][-]{chapter.3}{Architektura elektronov\351ho dela}{}% 12
\BOOKMARK [1][-]{section.3.1}{Zdroje voln\375ch elektronu}{chapter.3}% 13
\BOOKMARK [2][-]{subsection.3.1.1}{Fotoemise}{section.3.1}% 14
\BOOKMARK [2][-]{subsection.3.1.2}{Studen\341 emise}{section.3.1}% 15
\BOOKMARK [2][-]{subsection.3.1.3}{Termoemise}{section.3.1}% 16
\BOOKMARK [1][-]{section.3.2}{Urychlovac\355 a fokusovac\355 soustava elektrod}{chapter.3}% 17
\BOOKMARK [1][-]{section.3.3}{Vlastn\355 elektronov\351 delo}{chapter.3}% 18
\BOOKMARK [2][-]{subsection.3.3.1}{Soustava ctyr elektrod s termoemis\355}{section.3.3}% 19
\BOOKMARK [2][-]{subsection.3.3.2}{Prumyslov\351 elektronov\351 delo se soustavou elektrod}{section.3.3}% 20
\BOOKMARK [0][-]{chapter.4}{Zdroj elektronu, ES40-PS}{}% 21
\BOOKMARK [0][-]{chapter.5}{Fokusace - teorie}{}% 22
\BOOKMARK [0][-]{chapter.6}{Simulace fokusacn\355 soustavy}{}% 23
\BOOKMARK [1][-]{section.6.1}{Einzel lens}{chapter.6}% 24
\BOOKMARK [1][-]{section.6.2}{Vlastn\355 elektronov\351 delo}{chapter.6}% 25
\BOOKMARK [1][-]{section.6.3}{Urychlov\341n\355 svazku z prumyslov\351ho dela}{chapter.6}% 26
\BOOKMARK [1][-]{section.6.4}{Zkou\235ka dela se st\355n\355tkem}{chapter.6}% 27
\BOOKMARK [1][-]{section.6.5}{Diskuze a z\341ver}{chapter.6}% 28
\BOOKMARK [0][-]{chapter.7}{Detekce svazku}{}% 29
\BOOKMARK [1][-]{section.7.1}{Detekcn\355 technologie}{chapter.7}% 30
\BOOKMARK [1][-]{section.7.2}{Principy polovodicov\375ch detektoru}{chapter.7}% 31
\BOOKMARK [2][-]{subsection.7.2.1}{P\341sov\341 struktura}{section.7.2}% 32
\BOOKMARK [2][-]{subsection.7.2.2}{Vypr\341zdnen\341 oblast}{section.7.2}% 33
\BOOKMARK [2][-]{subsection.7.2.3}{Vznik sign\341lu}{section.7.2}% 34
\BOOKMARK [1][-]{section.7.3}{Pixelov\351 detektory}{chapter.7}% 35
\BOOKMARK [1][-]{section.7.4}{X-CHIP03}{chapter.7}% 36
\BOOKMARK [0][-]{chapter.8}{Metodika meren\355 a anal\375za v\375sledku}{}% 37
\BOOKMARK [1][-]{section.8.1}{Metodika meren\355}{chapter.8}% 38
\BOOKMARK [1][-]{section.8.2}{Postup meren\355}{chapter.8}% 39
\BOOKMARK [1][-]{section.8.3}{V\375sledky}{chapter.8}% 40
\BOOKMARK [0][-]{chapter*.38}{Z\341ver}{}% 41
\BOOKMARK [0][-]{chapter*.38}{Literatura}{}% 42
